c:\users\tato\documents\github\physx_nvidia\simpleparticle\skeleton\debug\particle.obj
c:\users\tato\documents\github\physx_nvidia\simpleparticle\skeleton\debug\main.obj
c:\users\tato\documents\github\physx_nvidia\simpleparticle\skeleton\debug\render.obj
c:\users\tato\documents\github\physx_nvidia\simpleparticle\skeleton\debug\camera.obj
c:\users\tato\documents\github\physx_nvidia\simpleparticle\skeleton\debug\callbacks.obj
c:\users\tato\documents\github\physx_nvidia\simpleparticle\skeleton\debug\renderutils.obj
c:\users\tato\documents\github\physx_nvidia\simpleparticle\bin\gamedebug.pdb
c:\users\tato\documents\github\physx_nvidia\forces\skeleton\debug\particle.obj
c:\users\tato\documents\github\physx_nvidia\forces\skeleton\debug\main.obj
c:\users\tato\documents\github\physx_nvidia\forces\skeleton\debug\renderutils.obj
c:\users\tato\documents\github\physx_nvidia\forces\skeleton\debug\camera.obj
c:\users\tato\documents\github\physx_nvidia\forces\skeleton\debug\callbacks.obj
c:\users\tato\documents\github\physx_nvidia\forces\skeleton\debug\render.obj
c:\users\tato\documents\github\physx_nvidia\forces\skeleton\debug\particleforcegenerator.obj
c:\users\tato\documents\github\physx_nvidia\forces\skeleton\debug\particleforceregistry.obj
c:\users\tato\documents\github\physx_nvidia\forces\skeleton\debug\particlegravity.obj
c:\users\tato\documents\github\physx_nvidia\forces\skeleton\debug\particlessystem.obj
c:\users\tato\documents\github\physx_nvidia\forces\skeleton\debug\wind.obj
c:\users\tato\documents\github\physx_nvidia\forces\bin\gamedebug.pdb
c:\users\tato\documents\github\physx_nvidia\forces\skeleton\debug\particlewind.obj
c:\users\tato\documents\github\physx_nvidia\forces\skeleton\debug\particleexplosion.obj
c:\users\tato\documents\github\physx_nvidia\springs\skeleton\debug\particle.obj
c:\users\tato\documents\github\physx_nvidia\springs\skeleton\debug\particleforceregistry.obj
c:\users\tato\documents\github\physx_nvidia\springs\skeleton\debug\particlessystem.obj
c:\users\tato\documents\github\physx_nvidia\springs\skeleton\debug\main.obj
c:\users\tato\documents\github\physx_nvidia\springs\skeleton\debug\particlegravity.obj
c:\users\tato\documents\github\physx_nvidia\springs\skeleton\debug\renderutils.obj
c:\users\tato\documents\github\physx_nvidia\springs\skeleton\debug\camera.obj
c:\users\tato\documents\github\physx_nvidia\springs\skeleton\debug\particleforcegenerator.obj
c:\users\tato\documents\github\physx_nvidia\springs\skeleton\debug\render.obj
c:\users\tato\documents\github\physx_nvidia\springs\skeleton\debug\callbacks.obj
c:\users\tato\documents\github\physx_nvidia\springs\bin\gamedebug.pdb
c:\users\tato\documents\github\physx_nvidia\springs\skeleton\debug\particlespring.obj
c:\users\tato\documents\github\physx_nvidia\springs\skeleton\debug\particleanchoredspring.obj
c:\users\tato\documents\github\physx_nvidia\springs\skeleton\debug\particlebuoyancy.obj
c:\users\tato\documents\github\physx_nvidia\simpleparticle\bin\gamedebug.exe
c:\users\tato\documents\github\physx_nvidia\simpleparticle\bin\gamedebug.ilk
c:\users\tato\documents\github\physx_nvidia\forces\bin\gamedebug.exe
c:\users\tato\documents\github\physx_nvidia\forces\bin\gamedebug.ilk
c:\users\tato\documents\github\physx_nvidia\springs\bin\gamedebug.exe
c:\users\tato\documents\github\physx_nvidia\springs\bin\gamedebug.ilk
c:\users\tato\documents\github\physx_nvidia\springs\skeleton\debug\particleexplosion.obj
c:\users\tato\documents\github\physx_nvidia\springs\skeleton\debug\particlewind.obj
c:\users\tato\documents\github\physx_nvidia\springs\skeleton\debug\wind.obj
c:\users\tato\documents\github\physx_nvidia\springs\skeleton\debug\game.tlog\cl.command.1.tlog
c:\users\tato\documents\github\physx_nvidia\springs\skeleton\debug\game.tlog\cl.read.1.tlog
c:\users\tato\documents\github\physx_nvidia\springs\skeleton\debug\game.tlog\cl.write.1.tlog
c:\users\tato\documents\github\physx_nvidia\springs\skeleton\debug\game.tlog\link.command.1.tlog
c:\users\tato\documents\github\physx_nvidia\springs\skeleton\debug\game.tlog\link.read.1.tlog
c:\users\tato\documents\github\physx_nvidia\springs\skeleton\debug\game.tlog\link.write.1.tlog
