  Particle.cpp
  SimplePartSys.cpp
C:\Users\Tato\Documents\GitHub\PhysX_Nvidia\ParticleSystem\common\PhysX-3.4\PxShared\include\task\PxTask.h(329,1): warning C5220: 'physx::PxLightCpuTask::mRefCount': a non-static data member with a volatile qualified type no longer implies
           that compiler generated copy/move constructors and copy/move assignment operators are not trivial (compiling source file Particle.cpp)
C:\Users\Tato\Documents\GitHub\PhysX_Nvidia\ParticleSystem\common\PhysX-3.4\PxShared\include\task\PxTask.h(326): message : see declaration of 'physx::PxLightCpuTask::mRefCount' (compiling source file Particle.cpp)
C:\Users\Tato\Documents\GitHub\PhysX_Nvidia\ParticleSystem\common\PhysX-3.4\PxShared\include\task\PxTask.h(329,1): warning C5220: 'physx::PxLightCpuTask::mRefCount': a non-static data member with a volatile qualified type no longer implies
           that compiler generated copy/move constructors and copy/move assignment operators are not trivial (compiling source file SimplePartSys.cpp)
C:\Users\Tato\Documents\GitHub\PhysX_Nvidia\ParticleSystem\common\PhysX-3.4\PxShared\include\task\PxTask.h(326): message : see declaration of 'physx::PxLightCpuTask::mRefCount' (compiling source file SimplePartSys.cpp)
C:\Users\Tato\Documents\GitHub\PhysX_Nvidia\ParticleSystem\skeleton\SimplePartSys.cpp(17,23): warning C4388: '<': signed/unsigned mismatch
C:\Users\Tato\Documents\GitHub\PhysX_Nvidia\ParticleSystem\skeleton\SimplePartSys.cpp(25,23): warning C4388: '<': signed/unsigned mismatch
C:\Users\Tato\Documents\GitHub\PhysX_Nvidia\ParticleSystem\skeleton\SimplePartSys.cpp(44,23): warning C4388: '<': signed/unsigned mismatch
C:\Users\Tato\Documents\GitHub\PhysX_Nvidia\ParticleSystem\skeleton\SimplePartSys.cpp(50,15): warning C4388: '==': signed/unsigned mismatch
C:\Users\Tato\Documents\GitHub\PhysX_Nvidia\ParticleSystem\skeleton\SimplePartSys.cpp(27): warning C5045: Compiler will insert Spectre mitigation for memory load if /Qspectre switch specified
C:\Users\Tato\Documents\GitHub\PhysX_Nvidia\ParticleSystem\skeleton\SimplePartSys.cpp(25): message : index 'i' range checked by comparison on this line
C:\Users\Tato\Documents\GitHub\PhysX_Nvidia\ParticleSystem\skeleton\SimplePartSys.cpp(27): message : feeds call on this line
C:\Users\Tato\Documents\GitHub\PhysX_Nvidia\ParticleSystem\skeleton\SimplePartSys.cpp(64): warning C5045: Compiler will insert Spectre mitigation for memory load if /Qspectre switch specified
C:\Users\Tato\Documents\GitHub\PhysX_Nvidia\ParticleSystem\skeleton\SimplePartSys.cpp(44): message : index 'i' range checked by comparison on this line
C:\Users\Tato\Documents\GitHub\PhysX_Nvidia\ParticleSystem\skeleton\SimplePartSys.cpp(64): message : feeds call on this line
C:\Users\Tato\Documents\GitHub\PhysX_Nvidia\ParticleSystem\skeleton\SimplePartSys.cpp(47): warning C5045: Compiler will insert Spectre mitigation for memory load if /Qspectre switch specified
C:\Users\Tato\Documents\GitHub\PhysX_Nvidia\ParticleSystem\skeleton\SimplePartSys.cpp(44): message : index 'i' range checked by comparison on this line
C:\Users\Tato\Documents\GitHub\PhysX_Nvidia\ParticleSystem\skeleton\SimplePartSys.cpp(47): message : feeds call on this line
  game.vcxproj -> C:\Users\Tato\Documents\GitHub\PhysX_Nvidia\ParticleSystem\bin\gameDEBUG.exe
